<?xml version="1.0" encoding="UTF-8"?>
<testsuite name="com.prestongarno.transpiler.tests.parsing.CustomSchemaTests" tests="2" skipped="0" failures="0" errors="0" timestamp="2017-09-01T15:46:17" hostname="archlinux" time="0.046">
  <properties/>
  <testcase name="testConflictingOverridesPass" classname="com.prestongarno.transpiler.tests.parsing.CustomSchemaTests" time="0.007"/>
  <testcase name="testYelp" classname="com.prestongarno.transpiler.tests.parsing.CustomSchemaTests" time="0.039"/>
  <system-out><![CDATA[]]></system-out>
  <system-err><![CDATA[]]></system-err>
</testsuite>
